{"/Users/aobakwemathuba/Documents/tabs-app/src/App.js": {"path":"/Users/aobakwemathuba/Documents/tabs-app/src/App.js","statementMap":{"0":{"start":{"line":10,"column":13},"end":{"line":13,"column":1}},"1":{"start":{"line":17,"column":40},"end":{"line":17,"column":51}},"2":{"start":{"line":20,"column":20},"end":{"line":20,"column":65}},"3":{"start":{"line":20,"column":42},"end":{"line":20,"column":64}},"4":{"start":{"line":22,"column":2},"end":{"line":47,"column":4}},"5":{"start":{"line":26,"column":12},"end":{"line":34,"column":13}},"6":{"start":{"line":32,"column":31},"end":{"line":32,"column":53}},"7":{"start":{"line":40,"column":10},"end":{"line":43,"column":26}}},"fnMap":{"0":{"name":"App","decl":{"start":{"line":15,"column":9},"end":{"line":15,"column":12}},"loc":{"start":{"line":15,"column":15},"end":{"line":48,"column":1}},"line":15},"1":{"name":"(anonymous_1)","decl":{"start":{"line":20,"column":35},"end":{"line":20,"column":36}},"loc":{"start":{"line":20,"column":42},"end":{"line":20,"column":64}},"line":20},"2":{"name":"(anonymous_2)","decl":{"start":{"line":25,"column":23},"end":{"line":25,"column":24}},"loc":{"start":{"line":25,"column":32},"end":{"line":35,"column":11}},"line":25},"3":{"name":"(anonymous_3)","decl":{"start":{"line":32,"column":25},"end":{"line":32,"column":26}},"loc":{"start":{"line":32,"column":31},"end":{"line":32,"column":53}},"line":32},"4":{"name":"(anonymous_4)","decl":{"start":{"line":39,"column":44},"end":{"line":39,"column":45}},"loc":{"start":{"line":40,"column":10},"end":{"line":43,"column":26}},"line":40}},"branchMap":{"0":{"loc":{"start":{"line":39,"column":9},"end":{"line":44,"column":10}},"type":"binary-expr","locations":[{"start":{"line":39,"column":9},"end":{"line":39,"column":18}},{"start":{"line":39,"column":22},"end":{"line":44,"column":10}}],"line":39}},"s":{"0":1,"1":1,"2":1,"3":1,"4":1,"5":4,"6":0,"7":4},"f":{"0":1,"1":1,"2":4,"3":0,"4":4},"b":{"0":[1,1]},"_coverageSchema":"1a1c01bbd47fc00a2c39e90264f33305004495a9","hash":"c5272189581e9dc2cf3948f7289e82d0d493c80b"}
,"/Users/aobakwemathuba/Documents/tabs-app/src/index.js": {"path":"/Users/aobakwemathuba/Documents/tabs-app/src/index.js","statementMap":{"0":{"start":{"line":7,"column":13},"end":{"line":7,"column":65}},"1":{"start":{"line":8,"column":0},"end":{"line":12,"column":2}},"2":{"start":{"line":17,"column":0},"end":{"line":17,"column":18}}},"fnMap":{},"branchMap":{},"s":{"0":0,"1":0,"2":0},"f":{},"b":{}}
,"/Users/aobakwemathuba/Documents/tabs-app/src/reportWebVitals.js": {"path":"/Users/aobakwemathuba/Documents/tabs-app/src/reportWebVitals.js","statementMap":{"0":{"start":{"line":1,"column":24},"end":{"line":11,"column":1}},"1":{"start":{"line":2,"column":2},"end":{"line":10,"column":3}},"2":{"start":{"line":3,"column":4},"end":{"line":9,"column":7}},"3":{"start":{"line":4,"column":6},"end":{"line":4,"column":26}},"4":{"start":{"line":5,"column":6},"end":{"line":5,"column":26}},"5":{"start":{"line":6,"column":6},"end":{"line":6,"column":26}},"6":{"start":{"line":7,"column":6},"end":{"line":7,"column":26}},"7":{"start":{"line":8,"column":6},"end":{"line":8,"column":27}}},"fnMap":{"0":{"name":"(anonymous_0)","decl":{"start":{"line":1,"column":24},"end":{"line":1,"column":25}},"loc":{"start":{"line":1,"column":39},"end":{"line":11,"column":1}},"line":1},"1":{"name":"(anonymous_1)","decl":{"start":{"line":3,"column":30},"end":{"line":3,"column":31}},"loc":{"start":{"line":3,"column":79},"end":{"line":9,"column":5}},"line":3}},"branchMap":{"0":{"loc":{"start":{"line":2,"column":2},"end":{"line":10,"column":3}},"type":"if","locations":[{"start":{"line":2,"column":2},"end":{"line":10,"column":3}},{"start":{},"end":{}}],"line":2},"1":{"loc":{"start":{"line":2,"column":6},"end":{"line":2,"column":52}},"type":"binary-expr","locations":[{"start":{"line":2,"column":6},"end":{"line":2,"column":17}},{"start":{"line":2,"column":21},"end":{"line":2,"column":52}}],"line":2}},"s":{"0":0,"1":0,"2":0,"3":0,"4":0,"5":0,"6":0,"7":0},"f":{"0":0,"1":0},"b":{"0":[0,0],"1":[0,0]}}
,"/Users/aobakwemathuba/Documents/tabs-app/src/components/badge/badge.jsx": {"path":"/Users/aobakwemathuba/Documents/tabs-app/src/components/badge/badge.jsx","statementMap":{"0":{"start":{"line":6,"column":14},"end":{"line":36,"column":1}},"1":{"start":{"line":37,"column":30},"end":{"line":43,"column":1}},"2":{"start":{"line":38,"column":4},"end":{"line":42,"column":6}}},"fnMap":{"0":{"name":"(anonymous_0)","decl":{"start":{"line":37,"column":30},"end":{"line":37,"column":31}},"loc":{"start":{"line":37,"column":42},"end":{"line":43,"column":1}},"line":37}},"branchMap":{},"s":{"0":3,"1":3,"2":7},"f":{"0":7},"b":{},"_coverageSchema":"1a1c01bbd47fc00a2c39e90264f33305004495a9","hash":"b6212b44ab54b579ed25961ab076f20570476361"}
,"/Users/aobakwemathuba/Documents/tabs-app/src/components/card/card.jsx": {"path":"/Users/aobakwemathuba/Documents/tabs-app/src/components/card/card.jsx","statementMap":{"0":{"start":{"line":3,"column":13},"end":{"line":9,"column":1}},"1":{"start":{"line":11,"column":29},"end":{"line":17,"column":1}},"2":{"start":{"line":12,"column":4},"end":{"line":16,"column":6}}},"fnMap":{"0":{"name":"(anonymous_0)","decl":{"start":{"line":11,"column":29},"end":{"line":11,"column":30}},"loc":{"start":{"line":11,"column":45},"end":{"line":17,"column":1}},"line":11}},"branchMap":{},"s":{"0":1,"1":1,"2":4},"f":{"0":4},"b":{},"_coverageSchema":"1a1c01bbd47fc00a2c39e90264f33305004495a9","hash":"fc78cdff33f95c752890c880ad66672d38fdef2c"}
,"/Users/aobakwemathuba/Documents/tabs-app/src/components/layout/column.jsx": {"path":"/Users/aobakwemathuba/Documents/tabs-app/src/components/layout/column.jsx","statementMap":{"0":{"start":{"line":3,"column":15},"end":{"line":9,"column":1}},"1":{"start":{"line":12,"column":31},"end":{"line":18,"column":1}},"2":{"start":{"line":13,"column":4},"end":{"line":17,"column":6}}},"fnMap":{"0":{"name":"(anonymous_0)","decl":{"start":{"line":12,"column":31},"end":{"line":12,"column":32}},"loc":{"start":{"line":12,"column":47},"end":{"line":18,"column":1}},"line":12}},"branchMap":{},"s":{"0":1,"1":1,"2":1},"f":{"0":1},"b":{},"_coverageSchema":"1a1c01bbd47fc00a2c39e90264f33305004495a9","hash":"3e832eabac1e0d6a73930aeb9e3b61937104f30f"}
,"/Users/aobakwemathuba/Documents/tabs-app/src/components/layout/row.jsx": {"path":"/Users/aobakwemathuba/Documents/tabs-app/src/components/layout/row.jsx","statementMap":{"0":{"start":{"line":3,"column":12},"end":{"line":8,"column":1}},"1":{"start":{"line":11,"column":28},"end":{"line":17,"column":1}},"2":{"start":{"line":12,"column":4},"end":{"line":16,"column":6}}},"fnMap":{"0":{"name":"(anonymous_0)","decl":{"start":{"line":11,"column":28},"end":{"line":11,"column":29}},"loc":{"start":{"line":11,"column":44},"end":{"line":17,"column":1}},"line":11}},"branchMap":{},"s":{"0":1,"1":1,"2":1},"f":{"0":1},"b":{},"_coverageSchema":"1a1c01bbd47fc00a2c39e90264f33305004495a9","hash":"d8f77328c04f75ba6ae7fd0f676bfc656ed1d3f4"}
,"/Users/aobakwemathuba/Documents/tabs-app/src/components/tab/tab.jsx": {"path":"/Users/aobakwemathuba/Documents/tabs-app/src/components/tab/tab.jsx","statementMap":{"0":{"start":{"line":4,"column":12},"end":{"line":9,"column":1}},"1":{"start":{"line":11,"column":12},"end":{"line":45,"column":1}},"2":{"start":{"line":33,"column":15},"end":{"line":44,"column":8}},"3":{"start":{"line":47,"column":15},"end":{"line":50,"column":19}},"4":{"start":{"line":52,"column":28},"end":{"line":61,"column":1}},"5":{"start":{"line":53,"column":4},"end":{"line":60,"column":6}}},"fnMap":{"0":{"name":"(anonymous_0)","decl":{"start":{"line":33,"column":6},"end":{"line":33,"column":7}},"loc":{"start":{"line":33,"column":15},"end":{"line":44,"column":8}},"line":33},"1":{"name":"(anonymous_1)","decl":{"start":{"line":52,"column":28},"end":{"line":52,"column":29}},"loc":{"start":{"line":52,"column":67},"end":{"line":61,"column":1}},"line":52}},"branchMap":{"0":{"loc":{"start":{"line":33,"column":15},"end":{"line":44,"column":8}},"type":"cond-expr","locations":[{"start":{"line":33,"column":33},"end":{"line":44,"column":5}},{"start":{"line":44,"column":6},"end":{"line":44,"column":8}}],"line":33},"1":{"loc":{"start":{"line":55,"column":35},"end":{"line":55,"column":59}},"type":"cond-expr","locations":[{"start":{"line":55,"column":46},"end":{"line":55,"column":54}},{"start":{"line":55,"column":57},"end":{"line":55,"column":59}}],"line":55},"2":{"loc":{"start":{"line":57,"column":17},"end":{"line":57,"column":57}},"type":"binary-expr","locations":[{"start":{"line":57,"column":17},"end":{"line":57,"column":22}},{"start":{"line":57,"column":26},"end":{"line":57,"column":57}}],"line":57}},"s":{"0":2,"1":2,"2":8,"3":2,"4":2,"5":8},"f":{"0":8,"1":8},"b":{"0":[3,5],"1":[3,5],"2":[8,5]},"_coverageSchema":"1a1c01bbd47fc00a2c39e90264f33305004495a9","hash":"a9a956ff2a8d74d4e6a5e0ec7e1882684c608b73"}
,"/Users/aobakwemathuba/Documents/tabs-app/src/data/tabs.js": {"path":"/Users/aobakwemathuba/Documents/tabs-app/src/data/tabs.js","statementMap":{"0":{"start":{"line":1,"column":19},"end":{"line":112,"column":1}}},"fnMap":{},"branchMap":{},"s":{"0":1},"f":{},"b":{},"_coverageSchema":"1a1c01bbd47fc00a2c39e90264f33305004495a9","hash":"c135f259066ad9d6f9316735ffeee0e645453eb3"}
,"/Users/aobakwemathuba/Documents/tabs-app/src/stories/Button.jsx": {"path":"/Users/aobakwemathuba/Documents/tabs-app/src/stories/Button.jsx","statementMap":{"0":{"start":{"line":6,"column":22},"end":{"line":24,"column":1}},"1":{"start":{"line":13,"column":15},"end":{"line":13,"column":84}},"2":{"start":{"line":14,"column":2},"end":{"line":23,"column":4}},"3":{"start":{"line":26,"column":0},"end":{"line":37,"column":2}}},"fnMap":{"0":{"name":"(anonymous_0)","decl":{"start":{"line":6,"column":22},"end":{"line":6,"column":23}},"loc":{"start":{"line":12,"column":6},"end":{"line":24,"column":1}},"line":12}},"branchMap":{"0":{"loc":{"start":{"line":7,"column":2},"end":{"line":7,"column":17}},"type":"default-arg","locations":[{"start":{"line":7,"column":12},"end":{"line":7,"column":17}}],"line":7},"1":{"loc":{"start":{"line":8,"column":2},"end":{"line":8,"column":24}},"type":"default-arg","locations":[{"start":{"line":8,"column":20},"end":{"line":8,"column":24}}],"line":8},"2":{"loc":{"start":{"line":9,"column":2},"end":{"line":9,"column":17}},"type":"default-arg","locations":[{"start":{"line":9,"column":9},"end":{"line":9,"column":17}}],"line":9},"3":{"loc":{"start":{"line":13,"column":15},"end":{"line":13,"column":84}},"type":"cond-expr","locations":[{"start":{"line":13,"column":25},"end":{"line":13,"column":52}},{"start":{"line":13,"column":55},"end":{"line":13,"column":84}}],"line":13},"4":{"loc":{"start":{"line":18,"column":13},"end":{"line":18,"column":51}},"type":"binary-expr","locations":[{"start":{"line":18,"column":13},"end":{"line":18,"column":28}},{"start":{"line":18,"column":32},"end":{"line":18,"column":51}}],"line":18}},"s":{"0":0,"1":0,"2":0,"3":0},"f":{"0":0},"b":{"0":[0],"1":[0],"2":[0],"3":[0,0],"4":[0,0]}}
,"/Users/aobakwemathuba/Documents/tabs-app/src/stories/Button.stories.js": {"path":"/Users/aobakwemathuba/Documents/tabs-app/src/stories/Button.stories.js","statementMap":{"0":{"start":{"line":24,"column":23},"end":{"line":29,"column":1}},"1":{"start":{"line":31,"column":25},"end":{"line":35,"column":1}},"2":{"start":{"line":37,"column":21},"end":{"line":42,"column":1}},"3":{"start":{"line":44,"column":21},"end":{"line":49,"column":1}}},"fnMap":{},"branchMap":{},"s":{"0":0,"1":0,"2":0,"3":0},"f":{},"b":{}}
,"/Users/aobakwemathuba/Documents/tabs-app/src/stories/Header.jsx": {"path":"/Users/aobakwemathuba/Documents/tabs-app/src/stories/Header.jsx","statementMap":{"0":{"start":{"line":6,"column":22},"end":{"line":45,"column":1}},"1":{"start":{"line":7,"column":2},"end":{"line":44,"column":11}},"2":{"start":{"line":47,"column":0},"end":{"line":54,"column":2}}},"fnMap":{"0":{"name":"(anonymous_0)","decl":{"start":{"line":6,"column":22},"end":{"line":6,"column":23}},"loc":{"start":{"line":7,"column":2},"end":{"line":44,"column":11}},"line":7}},"branchMap":{"0":{"loc":{"start":{"line":6,"column":25},"end":{"line":6,"column":36}},"type":"default-arg","locations":[{"start":{"line":6,"column":32},"end":{"line":6,"column":36}}],"line":6},"1":{"loc":{"start":{"line":29,"column":9},"end":{"line":41,"column":9}},"type":"cond-expr","locations":[{"start":{"line":30,"column":10},"end":{"line":35,"column":13}},{"start":{"line":37,"column":10},"end":{"line":40,"column":13}}],"line":29}},"s":{"0":0,"1":0,"2":0},"f":{"0":0},"b":{"0":[0],"1":[0,0]}}
,"/Users/aobakwemathuba/Documents/tabs-app/src/stories/Header.stories.js": {"path":"/Users/aobakwemathuba/Documents/tabs-app/src/stories/Header.stories.js","statementMap":{"0":{"start":{"line":21,"column":24},"end":{"line":27,"column":1}},"1":{"start":{"line":29,"column":25},"end":{"line":29,"column":27}}},"fnMap":{},"branchMap":{},"s":{"0":0,"1":0},"f":{},"b":{}}
,"/Users/aobakwemathuba/Documents/tabs-app/src/stories/Page.jsx": {"path":"/Users/aobakwemathuba/Documents/tabs-app/src/stories/Page.jsx","statementMap":{"0":{"start":{"line":6,"column":20},"end":{"line":69,"column":1}},"1":{"start":{"line":7,"column":26},"end":{"line":7,"column":42}},"2":{"start":{"line":9,"column":2},"end":{"line":68,"column":4}},"3":{"start":{"line":13,"column":23},"end":{"line":13,"column":52}},"4":{"start":{"line":14,"column":24},"end":{"line":14,"column":42}},"5":{"start":{"line":15,"column":31},"end":{"line":15,"column":60}}},"fnMap":{"0":{"name":"(anonymous_0)","decl":{"start":{"line":6,"column":20},"end":{"line":6,"column":21}},"loc":{"start":{"line":6,"column":26},"end":{"line":69,"column":1}},"line":6},"1":{"name":"(anonymous_1)","decl":{"start":{"line":13,"column":17},"end":{"line":13,"column":18}},"loc":{"start":{"line":13,"column":23},"end":{"line":13,"column":52}},"line":13},"2":{"name":"(anonymous_2)","decl":{"start":{"line":14,"column":18},"end":{"line":14,"column":19}},"loc":{"start":{"line":14,"column":24},"end":{"line":14,"column":42}},"line":14},"3":{"name":"(anonymous_3)","decl":{"start":{"line":15,"column":25},"end":{"line":15,"column":26}},"loc":{"start":{"line":15,"column":31},"end":{"line":15,"column":60}},"line":15}},"branchMap":{},"s":{"0":0,"1":0,"2":0,"3":0,"4":0,"5":0},"f":{"0":0,"1":0,"2":0,"3":0},"b":{}}
,"/Users/aobakwemathuba/Documents/tabs-app/src/stories/Page.stories.js": {"path":"/Users/aobakwemathuba/Documents/tabs-app/src/stories/Page.stories.js","statementMap":{"0":{"start":{"line":14,"column":25},"end":{"line":14,"column":27}},"1":{"start":{"line":17,"column":24},"end":{"line":28,"column":1}},"2":{"start":{"line":19,"column":19},"end":{"line":19,"column":40}},"3":{"start":{"line":20,"column":24},"end":{"line":20,"column":71}},"4":{"start":{"line":21,"column":4},"end":{"line":21,"column":50}},"5":{"start":{"line":22,"column":4},"end":{"line":22,"column":39}},"6":{"start":{"line":23,"column":4},"end":{"line":23,"column":54}},"7":{"start":{"line":25,"column":25},"end":{"line":25,"column":73}},"8":{"start":{"line":26,"column":4},"end":{"line":26,"column":51}}},"fnMap":{"0":{"name":"(anonymous_0)","decl":{"start":{"line":18,"column":8},"end":{"line":18,"column":9}},"loc":{"start":{"line":18,"column":37},"end":{"line":27,"column":3}},"line":18}},"branchMap":{},"s":{"0":0,"1":0,"2":0,"3":0,"4":0,"5":0,"6":0,"7":0,"8":0},"f":{"0":0},"b":{}}
,"/Users/aobakwemathuba/Documents/tabs-app/src/styles/variables.js": {"path":"/Users/aobakwemathuba/Documents/tabs-app/src/styles/variables.js","statementMap":{"0":{"start":{"line":2,"column":14},"end":{"line":12,"column":1}},"1":{"start":{"line":14,"column":23},"end":{"line":21,"column":1}}},"fnMap":{},"branchMap":{},"s":{"0":3,"1":3},"f":{},"b":{},"_coverageSchema":"1a1c01bbd47fc00a2c39e90264f33305004495a9","hash":"93cd303bb2fd5b6e787698bee4ac812f9610b251"}
}
