TN:
SF:src/App.js
FN:15,App
FN:20,(anonymous_1)
FN:25,(anonymous_2)
FN:32,(anonymous_3)
FN:39,(anonymous_4)
FNF:5
FNH:4
FNDA:1,App
FNDA:1,(anonymous_1)
FNDA:4,(anonymous_2)
FNDA:0,(anonymous_3)
FNDA:4,(anonymous_4)
DA:10,1
DA:17,1
DA:20,1
DA:22,1
DA:26,4
DA:32,0
DA:40,4
LF:7
LH:6
BRDA:39,0,0,1
BRDA:39,0,1,1
BRF:2
BRH:2
end_of_record
TN:
SF:src/index.js
FNF:0
FNH:0
DA:7,0
DA:8,0
DA:17,0
LF:3
LH:0
BRF:0
BRH:0
end_of_record
TN:
SF:src/reportWebVitals.js
FN:1,(anonymous_0)
FN:3,(anonymous_1)
FNF:2
FNH:0
FNDA:0,(anonymous_0)
FNDA:0,(anonymous_1)
DA:1,0
DA:2,0
DA:3,0
DA:4,0
DA:5,0
DA:6,0
DA:7,0
DA:8,0
LF:8
LH:0
BRDA:2,0,0,0
BRDA:2,0,1,0
BRDA:2,1,0,0
BRDA:2,1,1,0
BRF:4
BRH:0
end_of_record
TN:
SF:src/components/badge/badge.jsx
FN:37,(anonymous_0)
FNF:1
FNH:1
FNDA:7,(anonymous_0)
DA:6,3
DA:37,3
DA:38,7
LF:3
LH:3
BRF:0
BRH:0
end_of_record
TN:
SF:src/components/card/card.jsx
FN:11,(anonymous_0)
FNF:1
FNH:1
FNDA:4,(anonymous_0)
DA:3,1
DA:11,1
DA:12,4
LF:3
LH:3
BRF:0
BRH:0
end_of_record
TN:
SF:src/components/layout/column.jsx
FN:12,(anonymous_0)
FNF:1
FNH:1
FNDA:1,(anonymous_0)
DA:3,1
DA:12,1
DA:13,1
LF:3
LH:3
BRF:0
BRH:0
end_of_record
TN:
SF:src/components/layout/row.jsx
FN:11,(anonymous_0)
FNF:1
FNH:1
FNDA:1,(anonymous_0)
DA:3,1
DA:11,1
DA:12,1
LF:3
LH:3
BRF:0
BRH:0
end_of_record
TN:
SF:src/components/tab/tab.jsx
FN:33,(anonymous_0)
FN:52,(anonymous_1)
FNF:2
FNH:2
FNDA:8,(anonymous_0)
FNDA:8,(anonymous_1)
DA:4,2
DA:11,2
DA:33,8
DA:47,2
DA:52,2
DA:53,8
LF:6
LH:6
BRDA:33,0,0,3
BRDA:33,0,1,5
BRDA:55,1,0,3
BRDA:55,1,1,5
BRDA:57,2,0,8
BRDA:57,2,1,5
BRF:6
BRH:6
end_of_record
TN:
SF:src/data/tabs.js
FNF:0
FNH:0
DA:1,1
LF:1
LH:1
BRF:0
BRH:0
end_of_record
TN:
SF:src/stories/Button.jsx
FN:6,(anonymous_0)
FNF:1
FNH:0
FNDA:0,(anonymous_0)
DA:6,0
DA:13,0
DA:14,0
DA:26,0
LF:4
LH:0
BRDA:7,0,0,0
BRDA:8,1,0,0
BRDA:9,2,0,0
BRDA:13,3,0,0
BRDA:13,3,1,0
BRDA:18,4,0,0
BRDA:18,4,1,0
BRF:7
BRH:0
end_of_record
TN:
SF:src/stories/Button.stories.js
FNF:0
FNH:0
DA:24,0
DA:31,0
DA:37,0
DA:44,0
LF:4
LH:0
BRF:0
BRH:0
end_of_record
TN:
SF:src/stories/Header.jsx
FN:6,(anonymous_0)
FNF:1
FNH:0
FNDA:0,(anonymous_0)
DA:6,0
DA:7,0
DA:47,0
LF:3
LH:0
BRDA:6,0,0,0
BRDA:29,1,0,0
BRDA:29,1,1,0
BRF:3
BRH:0
end_of_record
TN:
SF:src/stories/Header.stories.js
FNF:0
FNH:0
DA:21,0
DA:29,0
LF:2
LH:0
BRF:0
BRH:0
end_of_record
TN:
SF:src/stories/Page.jsx
FN:6,(anonymous_0)
FN:13,(anonymous_1)
FN:14,(anonymous_2)
FN:15,(anonymous_3)
FNF:4
FNH:0
FNDA:0,(anonymous_0)
FNDA:0,(anonymous_1)
FNDA:0,(anonymous_2)
FNDA:0,(anonymous_3)
DA:6,0
DA:7,0
DA:9,0
DA:13,0
DA:14,0
DA:15,0
LF:6
LH:0
BRF:0
BRH:0
end_of_record
TN:
SF:src/stories/Page.stories.js
FN:18,(anonymous_0)
FNF:1
FNH:0
FNDA:0,(anonymous_0)
DA:14,0
DA:17,0
DA:19,0
DA:20,0
DA:21,0
DA:22,0
DA:23,0
DA:25,0
DA:26,0
LF:9
LH:0
BRF:0
BRH:0
end_of_record
TN:
SF:src/styles/variables.js
FNF:0
FNH:0
DA:2,3
DA:14,3
LF:2
LH:2
BRF:0
BRH:0
end_of_record
